2026-05-04T11:45:22.000-04:00  INFO 3140 --- [mantencion] [main] d.mantencion.MantencionesApplication   : Starting MantencionesApplication using Java 25.0.2 with PID 3140 (C:\Users\paulo\OneDrive\Desktop\FULLES\Prueba2FullStack1\mantencion\target\classes started by paulo in C:\Users\paulo\OneDrive\Desktop\FULLES\Prueba2FullStack1\mantencion)
2026-05-04T11:45:22.008-04:00  INFO 3140 --- [mantencion] [main] d.mantencion.MantencionesApplication   : No active profile set, falling back to 1 default profile: "default"
2026-05-04T11:45:22.608-04:00  INFO 3140 --- [mantencion] [main] .s.d.r.c.RepositoryConfigurationDelegate : Bootstrapping Spring Data JPA repositories in DEFAULT mode.
2026-05-04T11:45:22.713-04:00  INFO 3140 --- [mantencion] [main] .s.d.r.c.RepositoryConfigurationDelegate : Finished Spring Data repository scanning in 96 ms. Found 1 JPA repository interface.
2026-05-04T11:45:23.065-04:00  INFO 3140 --- [mantencion] [main] o.s.boot.tomcat.TomcatWebServer          : Tomcat initialized with port 8085 (http)
2026-05-04T11:45:23.076-04:00  INFO 3140 --- [mantencion] [main] o.apache.catalina.core.StandardService   : Starting service [Tomcat]
2026-05-04T11:45:23.077-04:00  INFO 3140 --- [mantencion] [main] o.apache.catalina.core.StandardEngine    : Starting Servlet engine: [Apache Tomcat/11.0.21]
2026-05-04T11:45:23.120-04:00  INFO 3140 --- [mantencion] [main] b.w.c.s.WebApplicationContextInitializer : Root WebApplicationContext: initialization completed in 1061 ms
2026-05-04T11:45:23.240-04:00  INFO 3140 --- [mantencion] [main] org.hibernate.orm.jpa                    : HHH008540: Processing PersistenceUnitInfo [name: default]
2026-05-04T11:45:23.280-04:00  INFO 3140 --- [mantencion] [main] org.hibernate.orm.core                   : HHH000001: Hibernate ORM core version 7.2.12.Final
2026-05-04T11:45:23.650-04:00  INFO 3140 --- [mantencion] [main] o.s.o.j.p.SpringPersistenceUnitInfo      : No LoadTimeWeaver setup: ignoring JPA class transformer
2026-05-04T11:45:23.673-04:00  INFO 3140 --- [mantencion] [main] com.zaxxer.hikari.HikariDataSource       : HikariPool-1 - Starting...
2026-05-04T11:45:23.932-04:00  INFO 3140 --- [mantencion] [main] com.zaxxer.hikari.pool.HikariPool        : HikariPool-1 - Added connection com.mysql.cj.jdbc.ConnectionImpl@57839834
2026-05-04T11:45:23.934-04:00  INFO 3140 --- [mantencion] [main] com.zaxxer.hikari.HikariDataSource       : HikariPool-1 - Start completed.
2026-05-04T11:45:23.996-04:00  INFO 3140 --- [mantencion] [main] org.hibernate.orm.connections.pooling    : HHH10001005: Database info:
	Database JDBC URL [jdbc:mysql://localhost:3306/db_mantencion]
	Database driver: MySQL Connector/J
	Database dialect: MySQLDialect
	Database version: 8.4.3
	Default catalog/schema: db_mantencion/undefined
	Autocommit mode: undefined/unknown
	Isolation level: REPEATABLE_READ [default REPEATABLE_READ]
	JDBC fetch size: none
	Pool: DataSourceConnectionProvider
	Minimum pool size: undefined/unknown
	Maximum pool size: undefined/unknown
2026-05-04T11:45:24.759-04:00  INFO 3140 --- [mantencion] [main] org.hibernate.orm.core                   : HHH000489: No JTA platform available (set 'hibernate.transaction.jta.platform' to enable JTA platform integration)
2026-05-04T11:45:24.834-04:00  INFO 3140 --- [mantencion] [main] j.LocalContainerEntityManagerFactoryBean : Initialized JPA EntityManagerFactory for persistence unit 'default'
2026-05-04T11:45:25.091-04:00  INFO 3140 --- [mantencion] [main] o.s.d.j.r.query.QueryEnhancerFactories   : Hibernate is in classpath; If applicable, HQL parser will be used.
2026-05-04T11:45:25.546-04:00  INFO 3140 --- [mantencion] [main] o.s.boot.tomcat.TomcatWebServer          : Tomcat started on port 8085 (http) with context path '/'
2026-05-04T11:45:25.552-04:00  INFO 3140 --- [mantencion] [main] d.mantencion.MantencionesApplication   : Started MantencionesApplication in 4.057 seconds (process running for 4.585)
