2026-05-06T10:16:02.977-04:00  INFO 37275 --- [vendedor] [main] duoc.vendedor.VendedorApplication        : Starting VendedorApplication using Java 21.0.1 with PID 37275 (/Users/moka/Documents/GitHub/Prueba2FullStack1/vendedor/target/classes started by moka in /Users/moka/Documents/GitHub/Prueba2FullStack1/vendedor)
2026-05-06T10:16:02.978-04:00  INFO 37275 --- [vendedor] [main] duoc.vendedor.VendedorApplication        : No active profile set, falling back to 1 default profile: "default"
2026-05-06T10:16:03.200-04:00  INFO 37275 --- [vendedor] [main] .s.d.r.c.RepositoryConfigurationDelegate : Bootstrapping Spring Data JPA repositories in DEFAULT mode.
2026-05-06T10:16:03.215-04:00  INFO 37275 --- [vendedor] [main] .s.d.r.c.RepositoryConfigurationDelegate : Finished Spring Data repository scanning in 12 ms. Found 1 JPA repository interface.
2026-05-06T10:16:03.392-04:00  INFO 37275 --- [vendedor] [main] o.s.boot.tomcat.TomcatWebServer          : Tomcat initialized with port 8081 (http)
2026-05-06T10:16:03.397-04:00  INFO 37275 --- [vendedor] [main] o.apache.catalina.core.StandardService   : Starting service [Tomcat]
2026-05-06T10:16:03.397-04:00  INFO 37275 --- [vendedor] [main] o.apache.catalina.core.StandardEngine    : Starting Servlet engine: [Apache Tomcat/11.0.21]
2026-05-06T10:16:03.411-04:00  INFO 37275 --- [vendedor] [main] b.w.c.s.WebApplicationContextInitializer : Root WebApplicationContext: initialization completed in 417 ms
2026-05-06T10:16:03.481-04:00  INFO 37275 --- [vendedor] [main] org.hibernate.orm.jpa                    : HHH008540: Processing PersistenceUnitInfo [name: default]
2026-05-06T10:16:03.504-04:00  INFO 37275 --- [vendedor] [main] org.hibernate.orm.core                   : HHH000001: Hibernate ORM core version 7.2.12.Final
2026-05-06T10:16:03.647-04:00  INFO 37275 --- [vendedor] [main] o.s.o.j.p.SpringPersistenceUnitInfo      : No LoadTimeWeaver setup: ignoring JPA class transformer
2026-05-06T10:16:03.659-04:00  INFO 37275 --- [vendedor] [main] com.zaxxer.hikari.HikariDataSource       : HikariPool-1 - Starting...
2026-05-06T10:16:03.769-04:00  INFO 37275 --- [vendedor] [main] com.zaxxer.hikari.pool.HikariPool        : HikariPool-1 - Added connection com.mysql.cj.jdbc.ConnectionImpl@611587f7
2026-05-06T10:16:03.770-04:00  INFO 37275 --- [vendedor] [main] com.zaxxer.hikari.HikariDataSource       : HikariPool-1 - Start completed.
2026-05-06T10:16:03.799-04:00  INFO 37275 --- [vendedor] [main] org.hibernate.orm.connections.pooling    : HHH10001005: Database info:
	Database JDBC URL [jdbc:mysql://localhost:3306/db_vendedor]
	Database driver: MySQL Connector/J
	Database dialect: MySQLDialect
	Database version: 8.0.45
	Default catalog/schema: db_vendedor/undefined
	Autocommit mode: undefined/unknown
	Isolation level: REPEATABLE_READ [default REPEATABLE_READ]
	JDBC fetch size: none
	Pool: DataSourceConnectionProvider
	Minimum pool size: undefined/unknown
	Maximum pool size: undefined/unknown
2026-05-06T10:16:04.126-04:00  INFO 37275 --- [vendedor] [main] org.hibernate.orm.core                   : HHH000489: No JTA platform available (set 'hibernate.transaction.jta.platform' to enable JTA platform integration)
2026-05-06T10:16:04.154-04:00  INFO 37275 --- [vendedor] [main] j.LocalContainerEntityManagerFactoryBean : Initialized JPA EntityManagerFactory for persistence unit 'default'
2026-05-06T10:16:04.180-04:00  INFO 37275 --- [vendedor] [main] o.s.d.j.r.query.QueryEnhancerFactories   : Hibernate is in classpath; If applicable, HQL parser will be used.
2026-05-06T10:16:04.273-04:00  WARN 37275 --- [vendedor] [main] .s.a.UserDetailsServiceAutoConfiguration : 

Using generated security password: cfdd6b26-d6e1-4150-97e6-179cb5080032

This generated password is for development use only. Your security configuration must be updated before running your application in production.

2026-05-06T10:16:04.275-04:00  INFO 37275 --- [vendedor] [main] r$InitializeUserDetailsManagerConfigurer : Global AuthenticationManager configured with UserDetailsService bean with name inMemoryUserDetailsManager
2026-05-06T10:16:04.422-04:00  INFO 37275 --- [vendedor] [main] o.s.boot.tomcat.TomcatWebServer          : Tomcat started on port 8081 (http) with context path '/'
2026-05-06T10:16:04.425-04:00  INFO 37275 --- [vendedor] [main] duoc.vendedor.VendedorApplication        : Started VendedorApplication in 1.616 seconds (process running for 1.901)
2026-05-06T10:16:21.843-04:00  INFO 37275 --- [vendedor] [SpringApplicationShutdownHook] o.s.boot.tomcat.GracefulShutdown         : Commencing graceful shutdown. Waiting for active requests to complete
2026-05-06T10:16:21.847-04:00  INFO 37275 --- [vendedor] [tomcat-shutdown] o.s.boot.tomcat.GracefulShutdown         : Graceful shutdown complete
2026-05-06T10:16:21.850-04:00  INFO 37275 --- [vendedor] [SpringApplicationShutdownHook] j.LocalContainerEntityManagerFactoryBean : Closing JPA EntityManagerFactory for persistence unit 'default'
2026-05-06T10:16:21.851-04:00  INFO 37275 --- [vendedor] [SpringApplicationShutdownHook] com.zaxxer.hikari.HikariDataSource       : HikariPool-1 - Shutdown initiated...
2026-05-06T10:16:21.853-04:00  INFO 37275 --- [vendedor] [SpringApplicationShutdownHook] com.zaxxer.hikari.HikariDataSource       : HikariPool-1 - Shutdown completed.
2026-05-06T10:20:14.520-04:00  INFO 37467 --- [vendedor] [main] duoc.vendedor.VendedorApplication        : Starting VendedorApplication using Java 21.0.1 with PID 37467 (/Users/moka/Documents/GitHub/Prueba2FullStack1/vendedor/target/classes started by moka in /Users/moka/Documents/GitHub/Prueba2FullStack1/vendedor)
2026-05-06T10:20:14.521-04:00  INFO 37467 --- [vendedor] [main] duoc.vendedor.VendedorApplication        : No active profile set, falling back to 1 default profile: "default"
2026-05-06T10:20:14.755-04:00  INFO 37467 --- [vendedor] [main] .s.d.r.c.RepositoryConfigurationDelegate : Bootstrapping Spring Data JPA repositories in DEFAULT mode.
2026-05-06T10:20:14.769-04:00  INFO 37467 --- [vendedor] [main] .s.d.r.c.RepositoryConfigurationDelegate : Finished Spring Data repository scanning in 12 ms. Found 1 JPA repository interface.
2026-05-06T10:20:14.925-04:00  INFO 37467 --- [vendedor] [main] o.s.boot.tomcat.TomcatWebServer          : Tomcat initialized with port 8081 (http)
2026-05-06T10:20:14.930-04:00  INFO 37467 --- [vendedor] [main] o.apache.catalina.core.StandardService   : Starting service [Tomcat]
2026-05-06T10:20:14.930-04:00  INFO 37467 --- [vendedor] [main] o.apache.catalina.core.StandardEngine    : Starting Servlet engine: [Apache Tomcat/11.0.21]
2026-05-06T10:20:14.942-04:00  INFO 37467 --- [vendedor] [main] b.w.c.s.WebApplicationContextInitializer : Root WebApplicationContext: initialization completed in 407 ms
2026-05-06T10:20:15.019-04:00  INFO 37467 --- [vendedor] [main] org.hibernate.orm.jpa                    : HHH008540: Processing PersistenceUnitInfo [name: default]
2026-05-06T10:20:15.045-04:00  INFO 37467 --- [vendedor] [main] org.hibernate.orm.core                   : HHH000001: Hibernate ORM core version 7.2.12.Final
2026-05-06T10:20:15.181-04:00  INFO 37467 --- [vendedor] [main] o.s.o.j.p.SpringPersistenceUnitInfo      : No LoadTimeWeaver setup: ignoring JPA class transformer
2026-05-06T10:20:15.193-04:00  INFO 37467 --- [vendedor] [main] com.zaxxer.hikari.HikariDataSource       : HikariPool-1 - Starting...
2026-05-06T10:20:15.310-04:00  INFO 37467 --- [vendedor] [main] com.zaxxer.hikari.pool.HikariPool        : HikariPool-1 - Added connection com.mysql.cj.jdbc.ConnectionImpl@4544ab46
2026-05-06T10:20:15.311-04:00  INFO 37467 --- [vendedor] [main] com.zaxxer.hikari.HikariDataSource       : HikariPool-1 - Start completed.
2026-05-06T10:20:15.343-04:00  INFO 37467 --- [vendedor] [main] org.hibernate.orm.connections.pooling    : HHH10001005: Database info:
	Database JDBC URL [jdbc:mysql://localhost:3306/db_vendedor]
	Database driver: MySQL Connector/J
	Database dialect: MySQLDialect
	Database version: 8.0.45
	Default catalog/schema: db_vendedor/undefined
	Autocommit mode: undefined/unknown
	Isolation level: REPEATABLE_READ [default REPEATABLE_READ]
	JDBC fetch size: none
	Pool: DataSourceConnectionProvider
	Minimum pool size: undefined/unknown
	Maximum pool size: undefined/unknown
2026-05-06T10:20:15.670-04:00  INFO 37467 --- [vendedor] [main] org.hibernate.orm.core                   : HHH000489: No JTA platform available (set 'hibernate.transaction.jta.platform' to enable JTA platform integration)
2026-05-06T10:20:15.938-04:00  INFO 37467 --- [vendedor] [main] j.LocalContainerEntityManagerFactoryBean : Initialized JPA EntityManagerFactory for persistence unit 'default'
2026-05-06T10:20:15.970-04:00  INFO 37467 --- [vendedor] [main] o.s.d.j.r.query.QueryEnhancerFactories   : Hibernate is in classpath; If applicable, HQL parser will be used.
2026-05-06T10:20:16.068-04:00  WARN 37467 --- [vendedor] [main] .s.a.UserDetailsServiceAutoConfiguration : 

Using generated security password: 6b989b4d-a513-493f-aa7e-f0c17e58c120

This generated password is for development use only. Your security configuration must be updated before running your application in production.

2026-05-06T10:20:16.071-04:00  INFO 37467 --- [vendedor] [main] r$InitializeUserDetailsManagerConfigurer : Global AuthenticationManager configured with UserDetailsService bean with name inMemoryUserDetailsManager
2026-05-06T10:20:16.226-04:00  INFO 37467 --- [vendedor] [main] o.s.boot.tomcat.TomcatWebServer          : Tomcat started on port 8081 (http) with context path '/'
2026-05-06T10:20:16.229-04:00  INFO 37467 --- [vendedor] [main] duoc.vendedor.VendedorApplication        : Started VendedorApplication in 1.856 seconds (process running for 2.214)
2026-05-06T10:44:59.474-04:00  INFO 37467 --- [vendedor] [http-nio-8081-exec-1] o.a.c.c.C.[Tomcat].[localhost].[/]       : Initializing Spring DispatcherServlet 'dispatcherServlet'
2026-05-06T10:44:59.475-04:00  INFO 37467 --- [vendedor] [http-nio-8081-exec-1] o.s.web.servlet.DispatcherServlet        : Initializing Servlet 'dispatcherServlet'
2026-05-06T10:44:59.477-04:00  INFO 37467 --- [vendedor] [http-nio-8081-exec-1] o.s.web.servlet.DispatcherServlet        : Completed initialization in 2 ms
2026-05-06T10:45:26.296-04:00  INFO 37467 --- [vendedor] [http-nio-8081-exec-3] duoc.vendedor.service.VendedorService    : Buscando Vendedor con id 1
2026-05-06T10:45:26.326-04:00  WARN 37467 --- [vendedor] [http-nio-8081-exec-3] d.v.exception.GlobalExceptionHandler     : No se encontró vendedor con el id 1 en la ruta /api/v1/vendedores/1
2026-05-06T10:46:55.101-04:00  INFO 37467 --- [vendedor] [http-nio-8081-exec-6] duoc.vendedor.service.VendedorService    : Creando Vendedor Con Run:11.674.477-5
2026-05-06T10:47:46.443-04:00  WARN 37467 --- [vendedor] [http-nio-8081-exec-7] d.v.exception.GlobalExceptionHandler     : Intento de registro con RUT duplicado en la ruta /api/v1/vendedores: No se puede registrar el rut : 11.674.477-5 porque esta duplicado
2026-05-06T10:48:42.785-04:00  INFO 37467 --- [vendedor] [http-nio-8081-exec-8] duoc.vendedor.service.VendedorService    : Creando Vendedor Con Run:11.321.012-5
2026-05-06T10:49:13.746-04:00  WARN 37467 --- [vendedor] [http-nio-8081-exec-9] d.v.exception.GlobalExceptionHandler     : Error de validación en la ruta /api/v1/vendedores
2026-05-06T10:49:31.156-04:00  WARN 37467 --- [vendedor] [http-nio-8081-exec-2] d.v.exception.GlobalExceptionHandler     : Error de validación en la ruta /api/v1/vendedores
2026-05-06T10:50:08.856-04:00  WARN 37467 --- [vendedor] [http-nio-8081-exec-3] d.v.exception.GlobalExceptionHandler     : Error de validación en la ruta /api/v1/vendedores
2026-05-06T10:50:14.192-04:00  INFO 37467 --- [vendedor] [http-nio-8081-exec-5] duoc.vendedor.service.VendedorService    : Creando Vendedor Con Run:15.231.567-K
2026-05-06T10:50:49.849-04:00  INFO 37467 --- [vendedor] [http-nio-8081-exec-7] duoc.vendedor.service.VendedorService    : Actualizando Vendedor con id 3
2026-05-06T10:50:49.850-04:00  INFO 37467 --- [vendedor] [http-nio-8081-exec-7] duoc.vendedor.service.VendedorService    : Buscando Vendedor con id 3
2026-05-06T10:51:18.600-04:00  INFO 37467 --- [vendedor] [http-nio-8081-exec-8] duoc.vendedor.service.VendedorService    : Actualizando Vendedor con id 3
2026-05-06T10:51:18.601-04:00  INFO 37467 --- [vendedor] [http-nio-8081-exec-8] duoc.vendedor.service.VendedorService    : Buscando Vendedor con id 3
2026-05-06T10:51:18.608-04:00  WARN 37467 --- [vendedor] [http-nio-8081-exec-8] d.v.exception.GlobalExceptionHandler     : Intento de registro con RUT duplicado en la ruta /api/v1/vendedores/3: El Rut ya se encuentra registrado por otro vendedor
2026-05-06T10:51:37.555-04:00  INFO 37467 --- [vendedor] [http-nio-8081-exec-9] duoc.vendedor.service.VendedorService    : Eliminando Vendedor con id 20
2026-05-06T10:51:37.555-04:00  INFO 37467 --- [vendedor] [http-nio-8081-exec-9] duoc.vendedor.service.VendedorService    : Buscando Vendedor con id 20
2026-05-06T10:51:37.561-04:00  WARN 37467 --- [vendedor] [http-nio-8081-exec-9] d.v.exception.GlobalExceptionHandler     : No se encontró vendedor con el id 20 en la ruta /api/v1/vendedores/20
2026-05-06T10:52:01.537-04:00  INFO 37467 --- [vendedor] [http-nio-8081-exec-10] duoc.vendedor.service.VendedorService    : Eliminando Vendedor con id 3
2026-05-06T10:52:01.538-04:00  INFO 37467 --- [vendedor] [http-nio-8081-exec-10] duoc.vendedor.service.VendedorService    : Buscando Vendedor con id 3
2026-05-06T11:04:00.640-04:00  INFO 37467 --- [vendedor] [http-nio-8081-exec-1] duoc.vendedor.service.VendedorService    : Buscando Vendedor con id 20
2026-05-06T11:04:00.645-04:00  WARN 37467 --- [vendedor] [http-nio-8081-exec-1] d.v.exception.GlobalExceptionHandler     : No se encontró vendedor con el id 20 en la ruta /api/v1/vendedores/20
2026-05-06T11:04:18.984-04:00  INFO 37467 --- [vendedor] [http-nio-8081-exec-3] duoc.vendedor.service.VendedorService    : Buscando Vendedor con id 1
2026-05-06T11:04:41.462-04:00  INFO 37467 --- [vendedor] [http-nio-8081-exec-4] duoc.vendedor.service.VendedorService    : Buscando Vendedor con id 2
2026-05-06T11:04:58.808-04:00  INFO 37467 --- [vendedor] [http-nio-8081-exec-5] duoc.vendedor.service.VendedorService    : Buscando Vendedor con id 2
2026-05-06T11:05:48.632-04:00  INFO 37467 --- [vendedor] [http-nio-8081-exec-6] duoc.vendedor.service.VendedorService    : Buscando Vendedor con id 3
2026-05-06T11:05:48.635-04:00  WARN 37467 --- [vendedor] [http-nio-8081-exec-6] d.v.exception.GlobalExceptionHandler     : No se encontró vendedor con el id 3 en la ruta /api/v1/vendedores/3
2026-05-06T11:06:09.556-04:00  INFO 37467 --- [vendedor] [http-nio-8081-exec-7] duoc.vendedor.service.VendedorService    : Buscando Vendedor con id 1
2026-05-06T11:06:14.537-04:00  INFO 37467 --- [vendedor] [http-nio-8081-exec-8] duoc.vendedor.service.VendedorService    : Buscando Vendedor con id 1
2026-05-06T11:08:07.869-04:00  INFO 37467 --- [vendedor] [http-nio-8081-exec-10] duoc.vendedor.service.VendedorService    : Buscando Vendedor con id 1
2026-05-06T11:21:04.893-04:00  INFO 37467 --- [vendedor] [SpringApplicationShutdownHook] o.s.boot.tomcat.GracefulShutdown         : Commencing graceful shutdown. Waiting for active requests to complete
2026-05-06T11:21:04.898-04:00  INFO 37467 --- [vendedor] [tomcat-shutdown] o.s.boot.tomcat.GracefulShutdown         : Graceful shutdown complete
2026-05-06T11:21:04.901-04:00  INFO 37467 --- [vendedor] [SpringApplicationShutdownHook] j.LocalContainerEntityManagerFactoryBean : Closing JPA EntityManagerFactory for persistence unit 'default'
2026-05-06T11:21:04.902-04:00  INFO 37467 --- [vendedor] [SpringApplicationShutdownHook] com.zaxxer.hikari.HikariDataSource       : HikariPool-1 - Shutdown initiated...
2026-05-06T11:21:04.903-04:00  INFO 37467 --- [vendedor] [SpringApplicationShutdownHook] com.zaxxer.hikari.HikariDataSource       : HikariPool-1 - Shutdown completed.
