2026-05-06T10:16:12.415-04:00  INFO 37278 --- [ventas] [main] duoc.ventas.VentasApplication            : Starting VentasApplication using Java 21.0.1 with PID 37278 (/Users/moka/Documents/GitHub/Prueba2FullStack1/ventas Update/target/classes started by moka in /Users/moka/Documents/GitHub/Prueba2FullStack1/ventas Update)
2026-05-06T10:16:12.417-04:00  INFO 37278 --- [ventas] [main] duoc.ventas.VentasApplication            : No active profile set, falling back to 1 default profile: "default"
2026-05-06T10:16:12.621-04:00  INFO 37278 --- [ventas] [main] .s.d.r.c.RepositoryConfigurationDelegate : Bootstrapping Spring Data JPA repositories in DEFAULT mode.
2026-05-06T10:16:12.670-04:00  INFO 37278 --- [ventas] [main] .s.d.r.c.RepositoryConfigurationDelegate : Finished Spring Data repository scanning in 46 ms. Found 1 JPA repository interface.
2026-05-06T10:16:12.798-04:00  INFO 37278 --- [ventas] [main] o.s.boot.tomcat.TomcatWebServer          : Tomcat initialized with port 8083 (http)
2026-05-06T10:16:12.803-04:00  INFO 37278 --- [ventas] [main] o.apache.catalina.core.StandardService   : Starting service [Tomcat]
2026-05-06T10:16:12.804-04:00  INFO 37278 --- [ventas] [main] o.apache.catalina.core.StandardEngine    : Starting Servlet engine: [Apache Tomcat/11.0.21]
2026-05-06T10:16:12.817-04:00  INFO 37278 --- [ventas] [main] b.w.c.s.WebApplicationContextInitializer : Root WebApplicationContext: initialization completed in 385 ms
2026-05-06T10:16:12.886-04:00  INFO 37278 --- [ventas] [main] org.hibernate.orm.jpa                    : HHH008540: Processing PersistenceUnitInfo [name: default]
2026-05-06T10:16:12.913-04:00  INFO 37278 --- [ventas] [main] org.hibernate.orm.core                   : HHH000001: Hibernate ORM core version 7.2.12.Final
2026-05-06T10:16:13.050-04:00  INFO 37278 --- [ventas] [main] o.s.o.j.p.SpringPersistenceUnitInfo      : No LoadTimeWeaver setup: ignoring JPA class transformer
2026-05-06T10:16:13.060-04:00  INFO 37278 --- [ventas] [main] com.zaxxer.hikari.HikariDataSource       : HikariPool-1 - Starting...
2026-05-06T10:16:13.186-04:00  INFO 37278 --- [ventas] [main] com.zaxxer.hikari.pool.HikariPool        : HikariPool-1 - Added connection com.mysql.cj.jdbc.ConnectionImpl@31dbf5bb
2026-05-06T10:16:13.186-04:00  INFO 37278 --- [ventas] [main] com.zaxxer.hikari.HikariDataSource       : HikariPool-1 - Start completed.
2026-05-06T10:16:13.218-04:00  INFO 37278 --- [ventas] [main] org.hibernate.orm.connections.pooling    : HHH10001005: Database info:
	Database JDBC URL [jdbc:mysql://localhost:3306/db_venta]
	Database driver: MySQL Connector/J
	Database dialect: MySQLDialect
	Database version: 8.0.45
	Default catalog/schema: db_venta/undefined
	Autocommit mode: undefined/unknown
	Isolation level: REPEATABLE_READ [default REPEATABLE_READ]
	JDBC fetch size: none
	Pool: DataSourceConnectionProvider
	Minimum pool size: undefined/unknown
	Maximum pool size: undefined/unknown
2026-05-06T10:16:13.501-04:00  INFO 37278 --- [ventas] [main] org.hibernate.orm.core                   : HHH000489: No JTA platform available (set 'hibernate.transaction.jta.platform' to enable JTA platform integration)
2026-05-06T10:16:13.523-04:00  INFO 37278 --- [ventas] [main] j.LocalContainerEntityManagerFactoryBean : Initialized JPA EntityManagerFactory for persistence unit 'default'
2026-05-06T10:16:13.620-04:00  INFO 37278 --- [ventas] [main] o.s.d.j.r.query.QueryEnhancerFactories   : Hibernate is in classpath; If applicable, HQL parser will be used.
2026-05-06T10:16:13.811-04:00  INFO 37278 --- [ventas] [main] o.s.boot.tomcat.TomcatWebServer          : Tomcat started on port 8083 (http) with context path '/'
2026-05-06T10:16:13.813-04:00  INFO 37278 --- [ventas] [main] duoc.ventas.VentasApplication            : Started VentasApplication in 1.552 seconds (process running for 1.802)
2026-05-06T10:16:17.372-04:00  INFO 37278 --- [ventas] [SpringApplicationShutdownHook] o.s.boot.tomcat.GracefulShutdown         : Commencing graceful shutdown. Waiting for active requests to complete
2026-05-06T10:16:17.377-04:00  INFO 37278 --- [ventas] [tomcat-shutdown] o.s.boot.tomcat.GracefulShutdown         : Graceful shutdown complete
2026-05-06T10:16:17.381-04:00  INFO 37278 --- [ventas] [SpringApplicationShutdownHook] j.LocalContainerEntityManagerFactoryBean : Closing JPA EntityManagerFactory for persistence unit 'default'
2026-05-06T10:16:17.383-04:00  INFO 37278 --- [ventas] [SpringApplicationShutdownHook] com.zaxxer.hikari.HikariDataSource       : HikariPool-1 - Shutdown initiated...
2026-05-06T10:16:17.385-04:00  INFO 37278 --- [ventas] [SpringApplicationShutdownHook] com.zaxxer.hikari.HikariDataSource       : HikariPool-1 - Shutdown completed.
2026-05-06T10:20:23.352-04:00  INFO 37500 --- [ventas] [main] duoc.ventas.VentasApplication            : Starting VentasApplication using Java 21.0.1 with PID 37500 (/Users/moka/Documents/GitHub/Prueba2FullStack1/ventas Update/target/classes started by moka in /Users/moka/Documents/GitHub/Prueba2FullStack1/ventas Update)
2026-05-06T10:20:23.353-04:00  INFO 37500 --- [ventas] [main] duoc.ventas.VentasApplication            : No active profile set, falling back to 1 default profile: "default"
2026-05-06T10:20:23.546-04:00  INFO 37500 --- [ventas] [main] .s.d.r.c.RepositoryConfigurationDelegate : Bootstrapping Spring Data JPA repositories in DEFAULT mode.
2026-05-06T10:20:23.596-04:00  INFO 37500 --- [ventas] [main] .s.d.r.c.RepositoryConfigurationDelegate : Finished Spring Data repository scanning in 47 ms. Found 1 JPA repository interface.
2026-05-06T10:20:23.716-04:00  INFO 37500 --- [ventas] [main] o.s.boot.tomcat.TomcatWebServer          : Tomcat initialized with port 8083 (http)
2026-05-06T10:20:23.721-04:00  INFO 37500 --- [ventas] [main] o.apache.catalina.core.StandardService   : Starting service [Tomcat]
2026-05-06T10:20:23.722-04:00  INFO 37500 --- [ventas] [main] o.apache.catalina.core.StandardEngine    : Starting Servlet engine: [Apache Tomcat/11.0.21]
2026-05-06T10:20:23.735-04:00  INFO 37500 --- [ventas] [main] b.w.c.s.WebApplicationContextInitializer : Root WebApplicationContext: initialization completed in 370 ms
2026-05-06T10:20:23.799-04:00  INFO 37500 --- [ventas] [main] org.hibernate.orm.jpa                    : HHH008540: Processing PersistenceUnitInfo [name: default]
2026-05-06T10:20:23.821-04:00  INFO 37500 --- [ventas] [main] org.hibernate.orm.core                   : HHH000001: Hibernate ORM core version 7.2.12.Final
2026-05-06T10:20:23.965-04:00  INFO 37500 --- [ventas] [main] o.s.o.j.p.SpringPersistenceUnitInfo      : No LoadTimeWeaver setup: ignoring JPA class transformer
2026-05-06T10:20:23.978-04:00  INFO 37500 --- [ventas] [main] com.zaxxer.hikari.HikariDataSource       : HikariPool-1 - Starting...
2026-05-06T10:20:24.087-04:00  INFO 37500 --- [ventas] [main] com.zaxxer.hikari.pool.HikariPool        : HikariPool-1 - Added connection com.mysql.cj.jdbc.ConnectionImpl@519b0f00
2026-05-06T10:20:24.088-04:00  INFO 37500 --- [ventas] [main] com.zaxxer.hikari.HikariDataSource       : HikariPool-1 - Start completed.
2026-05-06T10:20:24.115-04:00  INFO 37500 --- [ventas] [main] org.hibernate.orm.connections.pooling    : HHH10001005: Database info:
	Database JDBC URL [jdbc:mysql://localhost:3306/db_venta]
	Database driver: MySQL Connector/J
	Database dialect: MySQLDialect
	Database version: 8.0.45
	Default catalog/schema: db_venta/undefined
	Autocommit mode: undefined/unknown
	Isolation level: REPEATABLE_READ [default REPEATABLE_READ]
	JDBC fetch size: none
	Pool: DataSourceConnectionProvider
	Minimum pool size: undefined/unknown
	Maximum pool size: undefined/unknown
2026-05-06T10:20:24.383-04:00  INFO 37500 --- [ventas] [main] org.hibernate.orm.core                   : HHH000489: No JTA platform available (set 'hibernate.transaction.jta.platform' to enable JTA platform integration)
2026-05-06T10:20:24.413-04:00  INFO 37500 --- [ventas] [main] j.LocalContainerEntityManagerFactoryBean : Initialized JPA EntityManagerFactory for persistence unit 'default'
2026-05-06T10:20:24.508-04:00  INFO 37500 --- [ventas] [main] o.s.d.j.r.query.QueryEnhancerFactories   : Hibernate is in classpath; If applicable, HQL parser will be used.
2026-05-06T10:20:24.703-04:00  INFO 37500 --- [ventas] [main] o.s.boot.tomcat.TomcatWebServer          : Tomcat started on port 8083 (http) with context path '/'
2026-05-06T10:20:24.705-04:00  INFO 37500 --- [ventas] [main] duoc.ventas.VentasApplication            : Started VentasApplication in 1.501 seconds (process running for 1.803)
2026-05-06T11:01:10.061-04:00  INFO 37500 --- [ventas] [http-nio-8083-exec-2] o.a.c.c.C.[Tomcat].[localhost].[/]       : Initializing Spring DispatcherServlet 'dispatcherServlet'
2026-05-06T11:01:10.062-04:00  INFO 37500 --- [ventas] [http-nio-8083-exec-2] o.s.web.servlet.DispatcherServlet        : Initializing Servlet 'dispatcherServlet'
2026-05-06T11:01:10.065-04:00  INFO 37500 --- [ventas] [http-nio-8083-exec-2] o.s.web.servlet.DispatcherServlet        : Completed initialization in 3 ms
2026-05-06T11:01:32.429-04:00  INFO 37500 --- [ventas] [http-nio-8083-exec-3] duoc.ventas.service.VentaService         : Buscando Venta con id 1
2026-05-06T11:01:32.449-04:00  WARN 37500 --- [ventas] [http-nio-8083-exec-3] d.v.exception.GlobalExceptionHandler     : Recurso no hallado: No se encontró la venta con el id 1 en la ruta /api/v1/ventas/1
2026-05-06T11:03:22.582-04:00 ERROR 37500 --- [ventas] [http-nio-8083-exec-6] i.n.r.d.DnsServerAddressStreamProviders  : Unable to load io.netty.resolver.dns.macos.MacOSDnsServerAddressStreamProvider, fallback to system defaults. This may result in incorrect DNS resolutions on MacOS. Check whether you have a dependency on 'io.netty:netty-resolver-dns-native-macos'. Use DEBUG level to see the full stack: java.lang.UnsatisfiedLinkError: failed to load the required native library
2026-05-06T11:03:22.725-04:00  WARN 37500 --- [ventas] [http-nio-8083-exec-6] d.v.exception.GlobalExceptionHandler     : Recurso no hallado: Vehículo con ID 1 no existe en la ruta /api/v1/ventas
2026-05-06T11:03:52.441-04:00  WARN 37500 --- [ventas] [http-nio-8083-exec-7] d.v.exception.GlobalExceptionHandler     : Recurso no hallado: Cliente con ID 20 no existe en la ruta /api/v1/ventas
2026-05-06T11:04:00.648-04:00  WARN 37500 --- [ventas] [http-nio-8083-exec-8] d.v.exception.GlobalExceptionHandler     : Recurso no hallado: Vendedor con ID 20 no existe en la ruta /api/v1/ventas
2026-05-06T11:04:19.197-04:00  INFO 37500 --- [ventas] [http-nio-8083-exec-9] duoc.ventas.service.VentaService         : Creando Venta con idVehiculo2
2026-05-06T11:04:41.469-04:00  INFO 37500 --- [ventas] [http-nio-8083-exec-10] duoc.ventas.service.VentaService         : Creando Venta con idVehiculo3
2026-05-06T11:04:58.814-04:00  WARN 37500 --- [ventas] [http-nio-8083-exec-1] d.v.exception.GlobalExceptionHandler     : Intento de venta fallido ya que no se puede vender dos veces el mismo vehiculo /api/v1/ventas: El vehiculo ya esta registrado en otra venta
2026-05-06T11:05:48.639-04:00  WARN 37500 --- [ventas] [http-nio-8083-exec-3] d.v.exception.GlobalExceptionHandler     : Recurso no hallado: Vendedor con ID 3 no existe en la ruta /api/v1/ventas
2026-05-06T11:06:09.564-04:00  WARN 37500 --- [ventas] [http-nio-8083-exec-4] d.v.exception.GlobalExceptionHandler     : Intento de venta fallido ya que no se puede vender dos veces el mismo vehiculo /api/v1/ventas: El vehiculo ya esta registrado en otra venta
2026-05-06T11:06:14.542-04:00  INFO 37500 --- [ventas] [http-nio-8083-exec-5] duoc.ventas.service.VentaService         : Creando Venta con idVehiculo4
2026-05-06T11:07:02.228-04:00  INFO 37500 --- [ventas] [http-nio-8083-exec-7] duoc.ventas.service.VentaService         : Actualizando Venta con id 1
2026-05-06T11:07:02.229-04:00  INFO 37500 --- [ventas] [http-nio-8083-exec-7] duoc.ventas.service.VentaService         : Buscando Venta con id 1
2026-05-06T11:07:02.264-04:00  WARN 37500 --- [ventas] [http-nio-8083-exec-7] d.v.exception.GlobalExceptionHandler     : Intento de venta fallido ya que no se puede vender dos veces el mismo vehiculo /api/v1/ventas/1: El ID Del Vehiculo se encuentra asignado a otra venta 
2026-05-06T11:08:07.822-04:00  INFO 37500 --- [ventas] [http-nio-8083-exec-10] duoc.ventas.service.VentaService         : Actualizando Venta con id 1
2026-05-06T11:08:07.824-04:00  INFO 37500 --- [ventas] [http-nio-8083-exec-10] duoc.ventas.service.VentaService         : Buscando Venta con id 1
2026-05-06T11:08:24.987-04:00  INFO 37500 --- [ventas] [http-nio-8083-exec-1] duoc.ventas.service.VentaService         : Buscando Venta con id 1
2026-05-06T11:08:48.928-04:00  INFO 37500 --- [ventas] [http-nio-8083-exec-3] duoc.ventas.service.VentaService         : Eliminando Venta con Id 4
2026-05-06T11:08:48.930-04:00  INFO 37500 --- [ventas] [http-nio-8083-exec-3] duoc.ventas.service.VentaService         : Buscando Venta con id 4
2026-05-06T11:08:48.936-04:00  WARN 37500 --- [ventas] [http-nio-8083-exec-3] d.v.exception.GlobalExceptionHandler     : Recurso no hallado: No se encontró la venta con el id 4 en la ruta /api/v1/ventas/4
2026-05-06T11:09:03.485-04:00  INFO 37500 --- [ventas] [http-nio-8083-exec-4] duoc.ventas.service.VentaService         : Eliminando Venta con Id 3
2026-05-06T11:09:03.486-04:00  INFO 37500 --- [ventas] [http-nio-8083-exec-4] duoc.ventas.service.VentaService         : Buscando Venta con id 3
2026-05-06T11:21:19.337-04:00  INFO 37500 --- [ventas] [SpringApplicationShutdownHook] o.s.boot.tomcat.GracefulShutdown         : Commencing graceful shutdown. Waiting for active requests to complete
2026-05-06T11:21:19.340-04:00  INFO 37500 --- [ventas] [tomcat-shutdown] o.s.boot.tomcat.GracefulShutdown         : Graceful shutdown complete
2026-05-06T11:21:19.343-04:00  INFO 37500 --- [ventas] [SpringApplicationShutdownHook] j.LocalContainerEntityManagerFactoryBean : Closing JPA EntityManagerFactory for persistence unit 'default'
2026-05-06T11:21:19.348-04:00  INFO 37500 --- [ventas] [SpringApplicationShutdownHook] com.zaxxer.hikari.HikariDataSource       : HikariPool-1 - Shutdown initiated...
2026-05-06T11:21:19.349-04:00  INFO 37500 --- [ventas] [SpringApplicationShutdownHook] com.zaxxer.hikari.HikariDataSource       : HikariPool-1 - Shutdown completed.
